<?xml version="1.0" encoding="UTF-8"?>
<coverage generated="1648043704206" clover="3.2.0">
  <project timestamp="1648043704206" name="All files">
    <metrics statements="8" coveredstatements="5" conditionals="0" coveredconditionals="0" methods="4" coveredmethods="1" elements="12" coveredelements="6" complexity="0" loc="8" ncloc="8" packages="1" files="1" classes="1"/>
    <file name="AlphabetHelper.ts" path="/Users/apple/Desktop/Learning/fun-lang/src/lexer/AlphabetHelper.ts">
      <metrics statements="8" coveredstatements="5" conditionals="0" coveredconditionals="0" methods="4" coveredmethods="1"/>
      <line num="1" count="1" type="stmt"/>
      <line num="2" count="1" type="stmt"/>
      <line num="3" count="1" type="stmt"/>
      <line num="4" count="1" type="stmt"/>
      <line num="8" count="0" type="stmt"/>
      <line num="11" count="1" type="stmt"/>
      <line num="14" count="0" type="stmt"/>
      <line num="17" count="0" type="stmt"/>
    </file>
  </project>
</coverage>
