{"/Users/apple/Desktop/Learning/fun-lang/src/common/arraytoGenerator.ts": {"path":"/Users/apple/Desktop/Learning/fun-lang/src/common/arraytoGenerator.ts","statementMap":{"0":{"start":{"line":2,"column":2},"end":{"line":4,"column":null}},"1":{"start":{"line":3,"column":4},"end":{"line":3,"column":null}}},"fnMap":{"0":{"name":"arraytoGenerator","decl":{"start":{"line":1,"column":25},"end":{"line":1,"column":41}},"loc":{"start":{"line":1,"column":60},"end":{"line":5,"column":1}}}},"branchMap":{},"s":{"0":2,"1":133},"f":{"0":2},"b":{}}
,"/Users/apple/Desktop/Learning/fun-lang/src/common/enum.ts": {"path":"/Users/apple/Desktop/Learning/fun-lang/src/common/enum.ts","statementMap":{"0":{"start":{"line":5,"column":4},"end":{"line":5,"column":null}},"1":{"start":{"line":6,"column":4},"end":{"line":6,"column":null}}},"fnMap":{"0":{"name":"(anonymous_0)","decl":{"start":{"line":4,"column":2},"end":{"line":4,"column":14}},"loc":{"start":{"line":4,"column":38},"end":{"line":7,"column":3}}}},"branchMap":{},"s":{"0":9,"1":9},"f":{"0":9},"b":{}}
,"/Users/apple/Desktop/Learning/fun-lang/src/common/peekIterator.ts": {"path":"/Users/apple/Desktop/Learning/fun-lang/src/common/peekIterator.ts","statementMap":{"0":{"start":{"line":10,"column":19},"end":{"line":10,"column":21}},"1":{"start":{"line":17,"column":4},"end":{"line":17,"column":null}},"2":{"start":{"line":18,"column":4},"end":{"line":18,"column":null}},"3":{"start":{"line":19,"column":4},"end":{"line":19,"column":39}},"4":{"start":{"line":20,"column":4},"end":{"line":20,"column":null}},"5":{"start":{"line":24,"column":4},"end":{"line":24,"column":null}},"6":{"start":{"line":27,"column":4},"end":{"line":29,"column":null}},"7":{"start":{"line":28,"column":6},"end":{"line":28,"column":null}},"8":{"start":{"line":30,"column":16},"end":{"line":30,"column":52}},"9":{"start":{"line":31,"column":4},"end":{"line":35,"column":null}},"10":{"start":{"line":32,"column":6},"end":{"line":32,"column":null}},"11":{"start":{"line":33,"column":6},"end":{"line":33,"column":null}},"12":{"start":{"line":34,"column":6},"end":{"line":34,"column":null}},"13":{"start":{"line":36,"column":4},"end":{"line":36,"column":null}},"14":{"start":{"line":40,"column":4},"end":{"line":43,"column":null}},"15":{"start":{"line":41,"column":16},"end":{"line":41,"column":37}},"16":{"start":{"line":42,"column":6},"end":{"line":42,"column":null}},"17":{"start":{"line":47,"column":4},"end":{"line":55,"column":null}},"18":{"start":{"line":49,"column":6},"end":{"line":49,"column":null}},"19":{"start":{"line":51,"column":6},"end":{"line":51,"column":33}},"20":{"start":{"line":52,"column":19},"end":{"line":52,"column":32}},"21":{"start":{"line":53,"column":6},"end":{"line":53,"column":null}},"22":{"start":{"line":54,"column":6},"end":{"line":54,"column":null}},"23":{"start":{"line":54,"column":16},"end":{"line":54,"column":null}},"24":{"start":{"line":56,"column":4},"end":{"line":58,"column":null}},"25":{"start":{"line":57,"column":6},"end":{"line":57,"column":null}},"26":{"start":{"line":59,"column":4},"end":{"line":59,"column":null}},"27":{"start":{"line":60,"column":4},"end":{"line":60,"column":null}}},"fnMap":{"0":{"name":"(anonymous_0)","decl":{"start":{"line":16,"column":2},"end":{"line":16,"column":14}},"loc":{"start":{"line":16,"column":45},"end":{"line":21,"column":3}}},"1":{"name":"(anonymous_1)","decl":{"start":{"line":23,"column":2},"end":{"line":23,"column":9}},"loc":{"start":{"line":23,"column":9},"end":{"line":25,"column":3}}},"2":{"name":"(anonymous_2)","decl":{"start":{"line":26,"column":2},"end":{"line":26,"column":6}},"loc":{"start":{"line":26,"column":6},"end":{"line":37,"column":3}}},"3":{"name":"(anonymous_3)","decl":{"start":{"line":39,"column":2},"end":{"line":39,"column":9}},"loc":{"start":{"line":39,"column":9},"end":{"line":44,"column":3}}},"4":{"name":"(anonymous_4)","decl":{"start":{"line":45,"column":2},"end":{"line":45,"column":6}},"loc":{"start":{"line":45,"column":6},"end":{"line":61,"column":3}}}},"branchMap":{"0":{"loc":{"start":{"line":24,"column":11},"end":{"line":24,"column":48}},"type":"binary-expr","locations":[{"start":{"line":24,"column":11},"end":{"line":24,"column":24}},{"start":{"line":24,"column":28},"end":{"line":24,"column":48}}]},"1":{"loc":{"start":{"line":27,"column":4},"end":{"line":29,"column":null}},"type":"if","locations":[{"start":{"line":27,"column":4},"end":{"line":29,"column":null}},{"start":{"line":27,"column":4},"end":{"line":29,"column":null}}]},"2":{"loc":{"start":{"line":30,"column":16},"end":{"line":30,"column":52}},"type":"binary-expr","locations":[{"start":{"line":30,"column":16},"end":{"line":30,"column":28}},{"start":{"line":30,"column":32},"end":{"line":30,"column":52}}]},"3":{"loc":{"start":{"line":31,"column":4},"end":{"line":35,"column":null}},"type":"if","locations":[{"start":{"line":31,"column":4},"end":{"line":35,"column":null}},{"start":{"line":31,"column":4},"end":{"line":35,"column":null}}]},"4":{"loc":{"start":{"line":40,"column":4},"end":{"line":43,"column":null}},"type":"if","locations":[{"start":{"line":40,"column":4},"end":{"line":43,"column":null}},{"start":{"line":40,"column":4},"end":{"line":43,"column":null}}]},"5":{"loc":{"start":{"line":47,"column":4},"end":{"line":55,"column":null}},"type":"if","locations":[{"start":{"line":47,"column":4},"end":{"line":55,"column":null}},{"start":{"line":47,"column":4},"end":{"line":55,"column":null}}]},"6":{"loc":{"start":{"line":54,"column":6},"end":{"line":54,"column":null}},"type":"if","locations":[{"start":{"line":54,"column":6},"end":{"line":54,"column":null}},{"start":{"line":54,"column":6},"end":{"line":54,"column":null}}]}},"s":{"0":1,"1":2,"2":2,"3":2,"4":2,"5":172,"6":227,"7":95,"8":132,"9":132,"10":130,"11":130,"12":130,"13":2,"14":156,"15":156,"16":156,"17":159,"18":156,"19":3,"20":3,"21":3,"22":3,"23":0,"24":159,"25":113,"26":159,"27":159},"f":{"0":2,"1":172,"2":227,"3":156,"4":159},"b":{"0":[172,170],"1":[95,132],"2":[132,132],"3":[130,2],"4":[156,0],"5":[156,3],"6":[0,3]}}
,"/Users/apple/Desktop/Learning/fun-lang/src/lexer/AlphabetHelper.ts": {"path":"/Users/apple/Desktop/Learning/fun-lang/src/lexer/AlphabetHelper.ts","statementMap":{"0":{"start":{"line":1,"column":26},"end":{"line":1,"column":38}},"1":{"start":{"line":2,"column":26},"end":{"line":2,"column":35}},"2":{"start":{"line":3,"column":27},"end":{"line":3,"column":43}},"3":{"start":{"line":4,"column":28},"end":{"line":4,"column":48}},"4":{"start":{"line":8,"column":4},"end":{"line":8,"column":null}},"5":{"start":{"line":11,"column":4},"end":{"line":11,"column":null}},"6":{"start":{"line":14,"column":4},"end":{"line":14,"column":null}},"7":{"start":{"line":17,"column":4},"end":{"line":17,"column":null}}},"fnMap":{"0":{"name":"(anonymous_0)","decl":{"start":{"line":7,"column":2},"end":{"line":7,"column":8}},"loc":{"start":{"line":7,"column":27},"end":{"line":9,"column":3}}},"1":{"name":"(anonymous_1)","decl":{"start":{"line":10,"column":2},"end":{"line":10,"column":8}},"loc":{"start":{"line":10,"column":27},"end":{"line":12,"column":3}}},"2":{"name":"(anonymous_2)","decl":{"start":{"line":13,"column":2},"end":{"line":13,"column":8}},"loc":{"start":{"line":13,"column":28},"end":{"line":15,"column":3}}},"3":{"name":"(anonymous_3)","decl":{"start":{"line":16,"column":2},"end":{"line":16,"column":8}},"loc":{"start":{"line":16,"column":29},"end":{"line":18,"column":3}}}},"branchMap":{},"s":{"0":2,"1":2,"2":2,"3":2,"4":29,"5":39,"6":34,"7":18},"f":{"0":29,"1":39,"2":34,"3":18},"b":{}}
,"/Users/apple/Desktop/Learning/fun-lang/src/lexer/Lexer.ts": {"path":"/Users/apple/Desktop/Learning/fun-lang/src/lexer/Lexer.ts","statementMap":{"0":{"start":{"line":9,"column":4},"end":{"line":9,"column":null}},"1":{"start":{"line":12,"column":15},"end":{"line":12,"column":45}},"2":{"start":{"line":13,"column":4},"end":{"line":75,"column":null}},"3":{"start":{"line":14,"column":14},"end":{"line":14,"column":23}},"4":{"start":{"line":15,"column":6},"end":{"line":15,"column":27}},"5":{"start":{"line":15,"column":22},"end":{"line":15,"column":27}},"6":{"start":{"line":16,"column":6},"end":{"line":18,"column":null}},"7":{"start":{"line":17,"column":8},"end":{"line":17,"column":16}},"8":{"start":{"line":19,"column":6},"end":{"line":38,"column":null}},"9":{"start":{"line":21,"column":25},"end":{"line":21,"column":34}},"10":{"start":{"line":22,"column":8},"end":{"line":37,"column":null}},"11":{"start":{"line":23,"column":10},"end":{"line":23,"column":60}},"12":{"start":{"line":24,"column":15},"end":{"line":37,"column":null}},"13":{"start":{"line":25,"column":24},"end":{"line":25,"column":29}},"14":{"start":{"line":26,"column":10},"end":{"line":33,"column":null}},"15":{"start":{"line":27,"column":22},"end":{"line":27,"column":31}},"16":{"start":{"line":28,"column":12},"end":{"line":32,"column":null}},"17":{"start":{"line":29,"column":14},"end":{"line":29,"column":null}},"18":{"start":{"line":30,"column":14},"end":{"line":30,"column":null}},"19":{"start":{"line":31,"column":14},"end":{"line":31,"column":19}},"20":{"start":{"line":34,"column":10},"end":{"line":36,"column":null}},"21":{"start":{"line":35,"column":12},"end":{"line":35,"column":null}},"22":{"start":{"line":39,"column":6},"end":{"line":42,"column":null}},"23":{"start":{"line":40,"column":8},"end":{"line":40,"column":null}},"24":{"start":{"line":41,"column":8},"end":{"line":41,"column":16}},"25":{"start":{"line":43,"column":6},"end":{"line":47,"column":null}},"26":{"start":{"line":44,"column":8},"end":{"line":44,"column":21}},"27":{"start":{"line":45,"column":8},"end":{"line":45,"column":47}},"28":{"start":{"line":46,"column":8},"end":{"line":46,"column":16}},"29":{"start":{"line":48,"column":6},"end":{"line":52,"column":null}},"30":{"start":{"line":49,"column":8},"end":{"line":49,"column":21}},"31":{"start":{"line":50,"column":8},"end":{"line":50,"column":53}},"32":{"start":{"line":51,"column":8},"end":{"line":51,"column":16}},"33":{"start":{"line":53,"column":6},"end":{"line":57,"column":null}},"34":{"start":{"line":54,"column":8},"end":{"line":54,"column":21}},"35":{"start":{"line":55,"column":8},"end":{"line":55,"column":56}},"36":{"start":{"line":56,"column":8},"end":{"line":56,"column":16}},"37":{"start":{"line":58,"column":6},"end":{"line":68,"column":null}},"38":{"start":{"line":61,"column":21},"end":{"line":61,"column":64}},"39":{"start":{"line":62,"column":8},"end":{"line":67,"column":null}},"40":{"start":{"line":64,"column":10},"end":{"line":64,"column":null}},"41":{"start":{"line":65,"column":10},"end":{"line":65,"column":null}},"42":{"start":{"line":66,"column":10},"end":{"line":66,"column":18}},"43":{"start":{"line":69,"column":6},"end":{"line":73,"column":null}},"44":{"start":{"line":70,"column":8},"end":{"line":70,"column":null}},"45":{"start":{"line":71,"column":8},"end":{"line":71,"column":null}},"46":{"start":{"line":72,"column":8},"end":{"line":72,"column":16}},"47":{"start":{"line":74,"column":6},"end":{"line":74,"column":null}},"48":{"start":{"line":76,"column":4},"end":{"line":76,"column":null}}},"fnMap":{"0":{"name":"(anonymous_0)","decl":{"start":{"line":8,"column":2},"end":{"line":8,"column":null}},"loc":{"start":{"line":8,"column":2},"end":{"line":10,"column":3}}},"1":{"name":"(anonymous_1)","decl":{"start":{"line":11,"column":2},"end":{"line":11,"column":9}},"loc":{"start":{"line":11,"column":27},"end":{"line":77,"column":3}}}},"branchMap":{"0":{"loc":{"start":{"line":15,"column":6},"end":{"line":15,"column":27}},"type":"if","locations":[{"start":{"line":15,"column":6},"end":{"line":15,"column":27}},{"start":{"line":15,"column":6},"end":{"line":15,"column":27}}]},"1":{"loc":{"start":{"line":16,"column":6},"end":{"line":18,"column":null}},"type":"if","locations":[{"start":{"line":16,"column":6},"end":{"line":18,"column":null}},{"start":{"line":16,"column":6},"end":{"line":18,"column":null}}]},"2":{"loc":{"start":{"line":16,"column":10},"end":{"line":16,"column":33}},"type":"binary-expr","locations":[{"start":{"line":16,"column":10},"end":{"line":16,"column":19}},{"start":{"line":16,"column":23},"end":{"line":16,"column":33}}]},"3":{"loc":{"start":{"line":19,"column":6},"end":{"line":38,"column":null}},"type":"if","locations":[{"start":{"line":19,"column":6},"end":{"line":38,"column":null}},{"start":{"line":19,"column":6},"end":{"line":38,"column":null}}]},"4":{"loc":{"start":{"line":22,"column":8},"end":{"line":37,"column":null}},"type":"if","locations":[{"start":{"line":22,"column":8},"end":{"line":37,"column":null}},{"start":{"line":22,"column":8},"end":{"line":37,"column":null}}]},"5":{"loc":{"start":{"line":23,"column":17},"end":{"line":23,"column":56}},"type":"binary-expr","locations":[{"start":{"line":23,"column":17},"end":{"line":23,"column":29}},{"start":{"line":23,"column":33},"end":{"line":23,"column":56}}]},"6":{"loc":{"start":{"line":24,"column":15},"end":{"line":37,"column":null}},"type":"if","locations":[{"start":{"line":24,"column":15},"end":{"line":37,"column":null}},{"start":{"line":24,"column":15},"end":{"line":37,"column":null}}]},"7":{"loc":{"start":{"line":28,"column":12},"end":{"line":32,"column":null}},"type":"if","locations":[{"start":{"line":28,"column":12},"end":{"line":32,"column":null}},{"start":{"line":28,"column":12},"end":{"line":32,"column":null}}]},"8":{"loc":{"start":{"line":28,"column":16},"end":{"line":28,"column":46}},"type":"binary-expr","locations":[{"start":{"line":28,"column":16},"end":{"line":28,"column":25}},{"start":{"line":28,"column":29},"end":{"line":28,"column":46}}]},"9":{"loc":{"start":{"line":29,"column":14},"end":{"line":29,"column":43}},"type":"binary-expr","locations":[{"start":{"line":29,"column":14},"end":{"line":29,"column":30}},{"start":{"line":29,"column":34},"end":{"line":29,"column":43}}]},"10":{"loc":{"start":{"line":34,"column":10},"end":{"line":36,"column":null}},"type":"if","locations":[{"start":{"line":34,"column":10},"end":{"line":36,"column":null}},{"start":{"line":34,"column":10},"end":{"line":36,"column":null}}]},"11":{"loc":{"start":{"line":39,"column":6},"end":{"line":42,"column":null}},"type":"if","locations":[{"start":{"line":39,"column":6},"end":{"line":42,"column":null}},{"start":{"line":39,"column":6},"end":{"line":42,"column":null}}]},"12":{"loc":{"start":{"line":39,"column":10},"end":{"line":39,"column":58}},"type":"binary-expr","locations":[{"start":{"line":39,"column":10},"end":{"line":39,"column":19}},{"start":{"line":39,"column":23},"end":{"line":39,"column":32}},{"start":{"line":39,"column":36},"end":{"line":39,"column":45}},{"start":{"line":39,"column":49},"end":{"line":39,"column":58}}]},"13":{"loc":{"start":{"line":43,"column":6},"end":{"line":47,"column":null}},"type":"if","locations":[{"start":{"line":43,"column":6},"end":{"line":47,"column":null}},{"start":{"line":43,"column":6},"end":{"line":47,"column":null}}]},"14":{"loc":{"start":{"line":43,"column":10},"end":{"line":43,"column":32}},"type":"binary-expr","locations":[{"start":{"line":43,"column":10},"end":{"line":43,"column":19}},{"start":{"line":43,"column":23},"end":{"line":43,"column":32}}]},"15":{"loc":{"start":{"line":48,"column":6},"end":{"line":52,"column":null}},"type":"if","locations":[{"start":{"line":48,"column":6},"end":{"line":52,"column":null}},{"start":{"line":48,"column":6},"end":{"line":52,"column":null}}]},"16":{"loc":{"start":{"line":53,"column":6},"end":{"line":57,"column":null}},"type":"if","locations":[{"start":{"line":53,"column":6},"end":{"line":57,"column":null}},{"start":{"line":53,"column":6},"end":{"line":57,"column":null}}]},"17":{"loc":{"start":{"line":58,"column":6},"end":{"line":68,"column":null}},"type":"if","locations":[{"start":{"line":58,"column":6},"end":{"line":68,"column":null}},{"start":{"line":58,"column":6},"end":{"line":68,"column":null}}]},"18":{"loc":{"start":{"line":58,"column":10},"end":{"line":58,"column":72}},"type":"binary-expr","locations":[{"start":{"line":58,"column":11},"end":{"line":58,"column":20}},{"start":{"line":58,"column":24},"end":{"line":58,"column":33}},{"start":{"line":58,"column":38},"end":{"line":58,"column":72}}]},"19":{"loc":{"start":{"line":61,"column":21},"end":{"line":61,"column":64}},"type":"binary-expr","locations":[{"start":{"line":61,"column":21},"end":{"line":61,"column":56}},{"start":{"line":61,"column":60},"end":{"line":61,"column":64}}]},"20":{"loc":{"start":{"line":62,"column":8},"end":{"line":67,"column":null}},"type":"if","locations":[{"start":{"line":62,"column":8},"end":{"line":67,"column":null}},{"start":{"line":62,"column":8},"end":{"line":67,"column":null}}]},"21":{"loc":{"start":{"line":62,"column":12},"end":{"line":62,"column":43}},"type":"binary-expr","locations":[{"start":{"line":62,"column":12},"end":{"line":62,"column":24}},{"start":{"line":62,"column":28},"end":{"line":62,"column":43}}]},"22":{"loc":{"start":{"line":69,"column":6},"end":{"line":73,"column":null}},"type":"if","locations":[{"start":{"line":69,"column":6},"end":{"line":73,"column":null}},{"start":{"line":69,"column":6},"end":{"line":73,"column":null}}]}},"s":{"0":2,"1":2,"2":2,"3":59,"4":59,"5":0,"6":59,"7":27,"8":32,"9":2,"10":2,"11":1,"12":1,"13":1,"14":1,"15":24,"16":24,"17":1,"18":1,"19":1,"20":1,"21":0,"22":32,"23":5,"24":5,"25":27,"26":0,"27":0,"28":0,"29":27,"30":9,"31":9,"32":9,"33":18,"34":4,"35":4,"36":4,"37":14,"38":2,"39":2,"40":0,"41":0,"42":0,"43":14,"44":8,"45":8,"46":8,"47":6,"48":2},"f":{"0":2,"1":2},"b":{"0":[0,59],"1":[27,32],"2":[59,32],"3":[2,30],"4":[1,1],"5":[14,14],"6":[1,0],"7":[1,23],"8":[24,2],"9":[1,1],"10":[0,1],"11":[5,27],"12":[32,31,30,29],"13":[0,27],"14":[27,27],"15":[9,18],"16":[4,14],"17":[2,12],"18":[14,11,4],"19":[2,0],"20":[0,2],"21":[2,0],"22":[8,6]}}
,"/Users/apple/Desktop/Learning/fun-lang/src/lexer/LexicalException.ts": {"path":"/Users/apple/Desktop/Learning/fun-lang/src/lexer/LexicalException.ts","statementMap":{"0":{"start":{"line":4,"column":4},"end":{"line":4,"column":null}},"1":{"start":{"line":5,"column":4},"end":{"line":5,"column":null}},"2":{"start":{"line":8,"column":4},"end":{"line":8,"column":null}}},"fnMap":{"0":{"name":"(anonymous_0)","decl":{"start":{"line":3,"column":2},"end":{"line":3,"column":14}},"loc":{"start":{"line":3,"column":25},"end":{"line":6,"column":3}}},"1":{"name":"(anonymous_1)","decl":{"start":{"line":7,"column":2},"end":{"line":7,"column":8}},"loc":{"start":{"line":7,"column":27},"end":{"line":9,"column":3}}}},"branchMap":{},"s":{"0":0,"1":0,"2":6},"f":{"0":0,"1":6},"b":{}}
,"/Users/apple/Desktop/Learning/fun-lang/src/lexer/Token.ts": {"path":"/Users/apple/Desktop/Learning/fun-lang/src/lexer/Token.ts","statementMap":{"0":{"start":{"line":5,"column":17},"end":{"line":19,"column":2}},"1":{"start":{"line":20,"column":14},"end":{"line":20,"column":49}},"2":{"start":{"line":25,"column":4},"end":{"line":25,"column":null}},"3":{"start":{"line":26,"column":4},"end":{"line":26,"column":null}},"4":{"start":{"line":29,"column":4},"end":{"line":29,"column":null}},"5":{"start":{"line":32,"column":4},"end":{"line":32,"column":null}},"6":{"start":{"line":35,"column":4},"end":{"line":35,"column":null}},"7":{"start":{"line":38,"column":4},"end":{"line":38,"column":null}},"8":{"start":{"line":41,"column":4},"end":{"line":45,"column":null}},"9":{"start":{"line":48,"column":4},"end":{"line":48,"column":null}},"10":{"start":{"line":51,"column":12},"end":{"line":51,"column":14}},"11":{"start":{"line":52,"column":14},"end":{"line":52,"column":15}},"12":{"start":{"line":54,"column":4},"end":{"line":114,"column":null}},"13":{"start":{"line":55,"column":6},"end":{"line":55,"column":null}},"14":{"start":{"line":56,"column":6},"end":{"line":110,"column":null}},"15":{"start":{"line":58,"column":10},"end":{"line":66,"column":null}},"16":{"start":{"line":59,"column":12},"end":{"line":59,"column":null}},"17":{"start":{"line":60,"column":17},"end":{"line":66,"column":null}},"18":{"start":{"line":61,"column":12},"end":{"line":61,"column":null}},"19":{"start":{"line":62,"column":17},"end":{"line":66,"column":null}},"20":{"start":{"line":63,"column":12},"end":{"line":63,"column":null}},"21":{"start":{"line":64,"column":17},"end":{"line":66,"column":null}},"22":{"start":{"line":65,"column":12},"end":{"line":65,"column":null}},"23":{"start":{"line":67,"column":10},"end":{"line":67,"column":15}},"24":{"start":{"line":69,"column":10},"end":{"line":75,"column":null}},"25":{"start":{"line":70,"column":12},"end":{"line":70,"column":null}},"26":{"start":{"line":71,"column":17},"end":{"line":75,"column":null}},"27":{"start":{"line":72,"column":12},"end":{"line":72,"column":22}},"28":{"start":{"line":74,"column":12},"end":{"line":74,"column":null}},"29":{"start":{"line":76,"column":10},"end":{"line":76,"column":15}},"30":{"start":{"line":78,"column":10},"end":{"line":84,"column":null}},"31":{"start":{"line":79,"column":12},"end":{"line":79,"column":null}},"32":{"start":{"line":80,"column":17},"end":{"line":84,"column":null}},"33":{"start":{"line":81,"column":12},"end":{"line":81,"column":null}},"34":{"start":{"line":83,"column":12},"end":{"line":83,"column":null}},"35":{"start":{"line":85,"column":10},"end":{"line":85,"column":15}},"36":{"start":{"line":87,"column":10},"end":{"line":93,"column":null}},"37":{"start":{"line":88,"column":12},"end":{"line":88,"column":null}},"38":{"start":{"line":89,"column":17},"end":{"line":93,"column":null}},"39":{"start":{"line":90,"column":12},"end":{"line":90,"column":null}},"40":{"start":{"line":92,"column":12},"end":{"line":92,"column":null}},"41":{"start":{"line":94,"column":10},"end":{"line":94,"column":15}},"42":{"start":{"line":96,"column":10},"end":{"line":102,"column":null}},"43":{"start":{"line":97,"column":12},"end":{"line":97,"column":null}},"44":{"start":{"line":98,"column":17},"end":{"line":102,"column":null}},"45":{"start":{"line":99,"column":12},"end":{"line":99,"column":null}},"46":{"start":{"line":101,"column":12},"end":{"line":101,"column":null}},"47":{"start":{"line":103,"column":10},"end":{"line":103,"column":15}},"48":{"start":{"line":105,"column":10},"end":{"line":109,"column":null}},"49":{"start":{"line":106,"column":12},"end":{"line":106,"column":null}},"50":{"start":{"line":108,"column":12},"end":{"line":108,"column":null}},"51":{"start":{"line":112,"column":6},"end":{"line":112,"column":null}},"52":{"start":{"line":113,"column":6},"end":{"line":113,"column":null}},"53":{"start":{"line":117,"column":12},"end":{"line":117,"column":14}},"54":{"start":{"line":118,"column":14},"end":{"line":118,"column":15}},"55":{"start":{"line":120,"column":4},"end":{"line":249,"column":null}},"56":{"start":{"line":121,"column":6},"end":{"line":121,"column":null}},"57":{"start":{"line":123,"column":6},"end":{"line":248,"column":null}},"58":{"start":{"line":125,"column":10},"end":{"line":162,"column":null}},"59":{"start":{"line":127,"column":14},"end":{"line":127,"column":null}},"60":{"start":{"line":128,"column":14},"end":{"line":128,"column":19}},"61":{"start":{"line":130,"column":14},"end":{"line":130,"column":null}},"62":{"start":{"line":131,"column":14},"end":{"line":131,"column":19}},"63":{"start":{"line":133,"column":14},"end":{"line":133,"column":null}},"64":{"start":{"line":134,"column":14},"end":{"line":134,"column":19}},"65":{"start":{"line":136,"column":14},"end":{"line":136,"column":null}},"66":{"start":{"line":137,"column":14},"end":{"line":137,"column":19}},"67":{"start":{"line":139,"column":14},"end":{"line":139,"column":null}},"68":{"start":{"line":140,"column":14},"end":{"line":140,"column":19}},"69":{"start":{"line":142,"column":14},"end":{"line":142,"column":null}},"70":{"start":{"line":143,"column":14},"end":{"line":143,"column":19}},"71":{"start":{"line":145,"column":14},"end":{"line":145,"column":null}},"72":{"start":{"line":146,"column":14},"end":{"line":146,"column":19}},"73":{"start":{"line":148,"column":14},"end":{"line":148,"column":null}},"74":{"start":{"line":149,"column":14},"end":{"line":149,"column":19}},"75":{"start":{"line":151,"column":14},"end":{"line":151,"column":null}},"76":{"start":{"line":152,"column":14},"end":{"line":152,"column":19}},"77":{"start":{"line":154,"column":14},"end":{"line":154,"column":null}},"78":{"start":{"line":155,"column":14},"end":{"line":155,"column":19}},"79":{"start":{"line":157,"column":14},"end":{"line":157,"column":null}},"80":{"start":{"line":158,"column":14},"end":{"line":158,"column":19}},"81":{"start":{"line":160,"column":14},"end":{"line":160,"column":null}},"82":{"start":{"line":161,"column":14},"end":{"line":161,"column":19}},"83":{"start":{"line":163,"column":10},"end":{"line":163,"column":15}},"84":{"start":{"line":165,"column":10},"end":{"line":172,"column":null}},"85":{"start":{"line":166,"column":12},"end":{"line":166,"column":null}},"86":{"start":{"line":167,"column":17},"end":{"line":172,"column":null}},"87":{"start":{"line":168,"column":12},"end":{"line":168,"column":null}},"88":{"start":{"line":170,"column":12},"end":{"line":170,"column":null}},"89":{"start":{"line":171,"column":12},"end":{"line":171,"column":null}},"90":{"start":{"line":173,"column":10},"end":{"line":173,"column":15}},"91":{"start":{"line":175,"column":10},"end":{"line":182,"column":null}},"92":{"start":{"line":176,"column":12},"end":{"line":176,"column":null}},"93":{"start":{"line":177,"column":17},"end":{"line":182,"column":null}},"94":{"start":{"line":178,"column":12},"end":{"line":178,"column":null}},"95":{"start":{"line":180,"column":12},"end":{"line":180,"column":null}},"96":{"start":{"line":181,"column":12},"end":{"line":181,"column":null}},"97":{"start":{"line":183,"column":10},"end":{"line":183,"column":15}},"98":{"start":{"line":185,"column":10},"end":{"line":190,"column":null}},"99":{"start":{"line":186,"column":12},"end":{"line":186,"column":null}},"100":{"start":{"line":188,"column":12},"end":{"line":188,"column":null}},"101":{"start":{"line":189,"column":12},"end":{"line":189,"column":null}},"102":{"start":{"line":191,"column":10},"end":{"line":191,"column":15}},"103":{"start":{"line":193,"column":10},"end":{"line":198,"column":null}},"104":{"start":{"line":194,"column":12},"end":{"line":194,"column":null}},"105":{"start":{"line":196,"column":12},"end":{"line":196,"column":null}},"106":{"start":{"line":197,"column":12},"end":{"line":197,"column":null}},"107":{"start":{"line":199,"column":10},"end":{"line":199,"column":15}},"108":{"start":{"line":201,"column":10},"end":{"line":206,"column":null}},"109":{"start":{"line":202,"column":12},"end":{"line":202,"column":null}},"110":{"start":{"line":204,"column":12},"end":{"line":204,"column":null}},"111":{"start":{"line":205,"column":12},"end":{"line":205,"column":null}},"112":{"start":{"line":207,"column":10},"end":{"line":207,"column":15}},"113":{"start":{"line":209,"column":10},"end":{"line":214,"column":null}},"114":{"start":{"line":210,"column":12},"end":{"line":210,"column":null}},"115":{"start":{"line":212,"column":12},"end":{"line":212,"column":null}},"116":{"start":{"line":213,"column":12},"end":{"line":213,"column":null}},"117":{"start":{"line":215,"column":10},"end":{"line":215,"column":15}},"118":{"start":{"line":217,"column":10},"end":{"line":222,"column":null}},"119":{"start":{"line":218,"column":12},"end":{"line":218,"column":null}},"120":{"start":{"line":220,"column":12},"end":{"line":220,"column":null}},"121":{"start":{"line":221,"column":12},"end":{"line":221,"column":null}},"122":{"start":{"line":223,"column":10},"end":{"line":223,"column":15}},"123":{"start":{"line":225,"column":10},"end":{"line":230,"column":null}},"124":{"start":{"line":226,"column":12},"end":{"line":226,"column":null}},"125":{"start":{"line":228,"column":12},"end":{"line":228,"column":null}},"126":{"start":{"line":229,"column":12},"end":{"line":229,"column":null}},"127":{"start":{"line":231,"column":10},"end":{"line":231,"column":15}},"128":{"start":{"line":233,"column":10},"end":{"line":238,"column":null}},"129":{"start":{"line":234,"column":12},"end":{"line":234,"column":null}},"130":{"start":{"line":236,"column":12},"end":{"line":236,"column":null}},"131":{"start":{"line":237,"column":12},"end":{"line":237,"column":null}},"132":{"start":{"line":239,"column":10},"end":{"line":239,"column":15}},"133":{"start":{"line":241,"column":10},"end":{"line":246,"column":null}},"134":{"start":{"line":242,"column":12},"end":{"line":242,"column":null}},"135":{"start":{"line":244,"column":12},"end":{"line":244,"column":null}},"136":{"start":{"line":245,"column":12},"end":{"line":245,"column":null}},"137":{"start":{"line":247,"column":10},"end":{"line":247,"column":15}},"138":{"start":{"line":252,"column":12},"end":{"line":252,"column":14}},"139":{"start":{"line":253,"column":14},"end":{"line":253,"column":15}},"140":{"start":{"line":254,"column":4},"end":{"line":282,"column":null}},"141":{"start":{"line":255,"column":16},"end":{"line":255,"column":25}},"142":{"start":{"line":256,"column":6},"end":{"line":281,"column":null}},"143":{"start":{"line":258,"column":10},"end":{"line":261,"column":null}},"144":{"start":{"line":259,"column":12},"end":{"line":259,"column":null}},"145":{"start":{"line":260,"column":12},"end":{"line":260,"column":null}},"146":{"start":{"line":262,"column":10},"end":{"line":265,"column":null}},"147":{"start":{"line":263,"column":12},"end":{"line":263,"column":null}},"148":{"start":{"line":264,"column":12},"end":{"line":264,"column":null}},"149":{"start":{"line":266,"column":10},"end":{"line":266,"column":15}},"150":{"start":{"line":268,"column":10},"end":{"line":272,"column":null}},"151":{"start":{"line":269,"column":12},"end":{"line":269,"column":null}},"152":{"start":{"line":271,"column":12},"end":{"line":271,"column":null}},"153":{"start":{"line":273,"column":10},"end":{"line":273,"column":15}},"154":{"start":{"line":275,"column":10},"end":{"line":279,"column":null}},"155":{"start":{"line":276,"column":12},"end":{"line":276,"column":null}},"156":{"start":{"line":278,"column":12},"end":{"line":278,"column":null}},"157":{"start":{"line":280,"column":10},"end":{"line":280,"column":15}},"158":{"start":{"line":283,"column":4},"end":{"line":283,"column":null}},"159":{"start":{"line":286,"column":12},"end":{"line":286,"column":14}},"160":{"start":{"line":287,"column":4},"end":{"line":295,"column":null}},"161":{"start":{"line":288,"column":16},"end":{"line":288,"column":25}},"162":{"start":{"line":289,"column":6},"end":{"line":293,"column":null}},"163":{"start":{"line":290,"column":8},"end":{"line":290,"column":null}},"164":{"start":{"line":292,"column":8},"end":{"line":292,"column":13}},"165":{"start":{"line":294,"column":6},"end":{"line":294,"column":null}},"166":{"start":{"line":296,"column":4},"end":{"line":298,"column":null}},"167":{"start":{"line":297,"column":6},"end":{"line":297,"column":null}},"168":{"start":{"line":299,"column":4},"end":{"line":301,"column":null}},"169":{"start":{"line":300,"column":6},"end":{"line":300,"column":null}},"170":{"start":{"line":302,"column":4},"end":{"line":302,"column":null}}},"fnMap":{"0":{"name":"(anonymous_0)","decl":{"start":{"line":24,"column":2},"end":{"line":24,"column":14}},"loc":{"start":{"line":24,"column":39},"end":{"line":27,"column":3}}},"1":{"name":"(anonymous_1)","decl":{"start":{"line":28,"column":2},"end":{"line":28,"column":9}},"loc":{"start":{"line":28,"column":9},"end":{"line":30,"column":3}}},"2":{"name":"(anonymous_2)","decl":{"start":{"line":31,"column":2},"end":{"line":31,"column":8}},"loc":{"start":{"line":31,"column":8},"end":{"line":33,"column":3}}},"3":{"name":"(anonymous_3)","decl":{"start":{"line":34,"column":2},"end":{"line":34,"column":8}},"loc":{"start":{"line":34,"column":8},"end":{"line":36,"column":3}}},"4":{"name":"(anonymous_4)","decl":{"start":{"line":37,"column":2},"end":{"line":37,"column":12}},"loc":{"start":{"line":37,"column":12},"end":{"line":39,"column":3}}},"5":{"name":"(anonymous_5)","decl":{"start":{"line":40,"column":2},"end":{"line":40,"column":10}},"loc":{"start":{"line":40,"column":10},"end":{"line":46,"column":3}}},"6":{"name":"(anonymous_6)","decl":{"start":{"line":47,"column":2},"end":{"line":47,"column":10}},"loc":{"start":{"line":47,"column":10},"end":{"line":49,"column":3}}},"7":{"name":"(anonymous_7)","decl":{"start":{"line":50,"column":2},"end":{"line":50,"column":8}},"loc":{"start":{"line":50,"column":34},"end":{"line":115,"column":3}}},"8":{"name":"(anonymous_8)","decl":{"start":{"line":116,"column":2},"end":{"line":116,"column":8}},"loc":{"start":{"line":116,"column":30},"end":{"line":250,"column":3}}},"9":{"name":"(anonymous_9)","decl":{"start":{"line":251,"column":2},"end":{"line":251,"column":8}},"loc":{"start":{"line":251,"column":34},"end":{"line":284,"column":3}}},"10":{"name":"(anonymous_10)","decl":{"start":{"line":285,"column":2},"end":{"line":285,"column":8}},"loc":{"start":{"line":285,"column":40},"end":{"line":303,"column":3}}}},"branchMap":{"0":{"loc":{"start":{"line":42,"column":6},"end":{"line":44,"column":43}},"type":"binary-expr","locations":[{"start":{"line":42,"column":6},"end":{"line":42,"column":43}},{"start":{"line":43,"column":6},"end":{"line":43,"column":41}},{"start":{"line":44,"column":6},"end":{"line":44,"column":43}}]},"1":{"loc":{"start":{"line":56,"column":6},"end":{"line":110,"column":null}},"type":"switch","locations":[{"start":{"line":57,"column":8},"end":{"line":67,"column":15}},{"start":{"line":68,"column":8},"end":{"line":76,"column":15}},{"start":{"line":77,"column":8},"end":{"line":85,"column":15}},{"start":{"line":86,"column":8},"end":{"line":94,"column":15}},{"start":{"line":95,"column":8},"end":{"line":103,"column":15}},{"start":{"line":104,"column":8},"end":{"line":109,"column":null}}]},"2":{"loc":{"start":{"line":58,"column":10},"end":{"line":66,"column":null}},"type":"if","locations":[{"start":{"line":58,"column":10},"end":{"line":66,"column":null}},{"start":{"line":58,"column":10},"end":{"line":66,"column":null}}]},"3":{"loc":{"start":{"line":60,"column":17},"end":{"line":66,"column":null}},"type":"if","locations":[{"start":{"line":60,"column":17},"end":{"line":66,"column":null}},{"start":{"line":60,"column":17},"end":{"line":66,"column":null}}]},"4":{"loc":{"start":{"line":62,"column":17},"end":{"line":66,"column":null}},"type":"if","locations":[{"start":{"line":62,"column":17},"end":{"line":66,"column":null}},{"start":{"line":62,"column":17},"end":{"line":66,"column":null}}]},"5":{"loc":{"start":{"line":62,"column":21},"end":{"line":62,"column":57}},"type":"binary-expr","locations":[{"start":{"line":62,"column":21},"end":{"line":62,"column":37}},{"start":{"line":62,"column":41},"end":{"line":62,"column":57}}]},"6":{"loc":{"start":{"line":64,"column":17},"end":{"line":66,"column":null}},"type":"if","locations":[{"start":{"line":64,"column":17},"end":{"line":66,"column":null}},{"start":{"line":64,"column":17},"end":{"line":66,"column":null}}]},"7":{"loc":{"start":{"line":69,"column":10},"end":{"line":75,"column":null}},"type":"if","locations":[{"start":{"line":69,"column":10},"end":{"line":75,"column":null}},{"start":{"line":69,"column":10},"end":{"line":75,"column":null}}]},"8":{"loc":{"start":{"line":71,"column":17},"end":{"line":75,"column":null}},"type":"if","locations":[{"start":{"line":71,"column":17},"end":{"line":75,"column":null}},{"start":{"line":71,"column":17},"end":{"line":75,"column":null}}]},"9":{"loc":{"start":{"line":78,"column":10},"end":{"line":84,"column":null}},"type":"if","locations":[{"start":{"line":78,"column":10},"end":{"line":84,"column":null}},{"start":{"line":78,"column":10},"end":{"line":84,"column":null}}]},"10":{"loc":{"start":{"line":80,"column":17},"end":{"line":84,"column":null}},"type":"if","locations":[{"start":{"line":80,"column":17},"end":{"line":84,"column":null}},{"start":{"line":80,"column":17},"end":{"line":84,"column":null}}]},"11":{"loc":{"start":{"line":87,"column":10},"end":{"line":93,"column":null}},"type":"if","locations":[{"start":{"line":87,"column":10},"end":{"line":93,"column":null}},{"start":{"line":87,"column":10},"end":{"line":93,"column":null}}]},"12":{"loc":{"start":{"line":89,"column":17},"end":{"line":93,"column":null}},"type":"if","locations":[{"start":{"line":89,"column":17},"end":{"line":93,"column":null}},{"start":{"line":89,"column":17},"end":{"line":93,"column":null}}]},"13":{"loc":{"start":{"line":96,"column":10},"end":{"line":102,"column":null}},"type":"if","locations":[{"start":{"line":96,"column":10},"end":{"line":102,"column":null}},{"start":{"line":96,"column":10},"end":{"line":102,"column":null}}]},"14":{"loc":{"start":{"line":98,"column":17},"end":{"line":102,"column":null}},"type":"if","locations":[{"start":{"line":98,"column":17},"end":{"line":102,"column":null}},{"start":{"line":98,"column":17},"end":{"line":102,"column":null}}]},"15":{"loc":{"start":{"line":105,"column":10},"end":{"line":109,"column":null}},"type":"if","locations":[{"start":{"line":105,"column":10},"end":{"line":109,"column":null}},{"start":{"line":105,"column":10},"end":{"line":109,"column":null}}]},"16":{"loc":{"start":{"line":123,"column":6},"end":{"line":248,"column":null}},"type":"switch","locations":[{"start":{"line":124,"column":8},"end":{"line":163,"column":15}},{"start":{"line":164,"column":8},"end":{"line":173,"column":15}},{"start":{"line":174,"column":8},"end":{"line":183,"column":15}},{"start":{"line":184,"column":8},"end":{"line":191,"column":15}},{"start":{"line":192,"column":8},"end":{"line":199,"column":15}},{"start":{"line":200,"column":8},"end":{"line":207,"column":15}},{"start":{"line":208,"column":8},"end":{"line":215,"column":15}},{"start":{"line":216,"column":8},"end":{"line":223,"column":15}},{"start":{"line":224,"column":8},"end":{"line":231,"column":15}},{"start":{"line":232,"column":8},"end":{"line":239,"column":15}},{"start":{"line":240,"column":8},"end":{"line":247,"column":15}}]},"17":{"loc":{"start":{"line":125,"column":10},"end":{"line":162,"column":null}},"type":"switch","locations":[{"start":{"line":126,"column":12},"end":{"line":128,"column":19}},{"start":{"line":129,"column":12},"end":{"line":131,"column":19}},{"start":{"line":132,"column":12},"end":{"line":134,"column":19}},{"start":{"line":135,"column":12},"end":{"line":137,"column":19}},{"start":{"line":138,"column":12},"end":{"line":140,"column":19}},{"start":{"line":141,"column":12},"end":{"line":143,"column":19}},{"start":{"line":144,"column":12},"end":{"line":146,"column":19}},{"start":{"line":147,"column":12},"end":{"line":149,"column":19}},{"start":{"line":150,"column":12},"end":{"line":152,"column":19}},{"start":{"line":153,"column":12},"end":{"line":155,"column":19}},{"start":{"line":156,"column":12},"end":{"line":158,"column":19}},{"start":{"line":159,"column":12},"end":{"line":161,"column":19}}]},"18":{"loc":{"start":{"line":165,"column":10},"end":{"line":172,"column":null}},"type":"if","locations":[{"start":{"line":165,"column":10},"end":{"line":172,"column":null}},{"start":{"line":165,"column":10},"end":{"line":172,"column":null}}]},"19":{"loc":{"start":{"line":167,"column":17},"end":{"line":172,"column":null}},"type":"if","locations":[{"start":{"line":167,"column":17},"end":{"line":172,"column":null}},{"start":{"line":167,"column":17},"end":{"line":172,"column":null}}]},"20":{"loc":{"start":{"line":175,"column":10},"end":{"line":182,"column":null}},"type":"if","locations":[{"start":{"line":175,"column":10},"end":{"line":182,"column":null}},{"start":{"line":175,"column":10},"end":{"line":182,"column":null}}]},"21":{"loc":{"start":{"line":177,"column":17},"end":{"line":182,"column":null}},"type":"if","locations":[{"start":{"line":177,"column":17},"end":{"line":182,"column":null}},{"start":{"line":177,"column":17},"end":{"line":182,"column":null}}]},"22":{"loc":{"start":{"line":185,"column":10},"end":{"line":190,"column":null}},"type":"if","locations":[{"start":{"line":185,"column":10},"end":{"line":190,"column":null}},{"start":{"line":185,"column":10},"end":{"line":190,"column":null}}]},"23":{"loc":{"start":{"line":193,"column":10},"end":{"line":198,"column":null}},"type":"if","locations":[{"start":{"line":193,"column":10},"end":{"line":198,"column":null}},{"start":{"line":193,"column":10},"end":{"line":198,"column":null}}]},"24":{"loc":{"start":{"line":201,"column":10},"end":{"line":206,"column":null}},"type":"if","locations":[{"start":{"line":201,"column":10},"end":{"line":206,"column":null}},{"start":{"line":201,"column":10},"end":{"line":206,"column":null}}]},"25":{"loc":{"start":{"line":209,"column":10},"end":{"line":214,"column":null}},"type":"if","locations":[{"start":{"line":209,"column":10},"end":{"line":214,"column":null}},{"start":{"line":209,"column":10},"end":{"line":214,"column":null}}]},"26":{"loc":{"start":{"line":217,"column":10},"end":{"line":222,"column":null}},"type":"if","locations":[{"start":{"line":217,"column":10},"end":{"line":222,"column":null}},{"start":{"line":217,"column":10},"end":{"line":222,"column":null}}]},"27":{"loc":{"start":{"line":225,"column":10},"end":{"line":230,"column":null}},"type":"if","locations":[{"start":{"line":225,"column":10},"end":{"line":230,"column":null}},{"start":{"line":225,"column":10},"end":{"line":230,"column":null}}]},"28":{"loc":{"start":{"line":233,"column":10},"end":{"line":238,"column":null}},"type":"if","locations":[{"start":{"line":233,"column":10},"end":{"line":238,"column":null}},{"start":{"line":233,"column":10},"end":{"line":238,"column":null}}]},"29":{"loc":{"start":{"line":241,"column":10},"end":{"line":246,"column":null}},"type":"if","locations":[{"start":{"line":241,"column":10},"end":{"line":246,"column":null}},{"start":{"line":241,"column":10},"end":{"line":246,"column":null}}]},"30":{"loc":{"start":{"line":256,"column":6},"end":{"line":281,"column":null}},"type":"switch","locations":[{"start":{"line":257,"column":8},"end":{"line":266,"column":15}},{"start":{"line":267,"column":8},"end":{"line":273,"column":15}},{"start":{"line":274,"column":8},"end":{"line":280,"column":15}}]},"31":{"loc":{"start":{"line":258,"column":10},"end":{"line":261,"column":null}},"type":"if","locations":[{"start":{"line":258,"column":10},"end":{"line":261,"column":null}},{"start":{"line":258,"column":10},"end":{"line":261,"column":null}}]},"32":{"loc":{"start":{"line":262,"column":10},"end":{"line":265,"column":null}},"type":"if","locations":[{"start":{"line":262,"column":10},"end":{"line":265,"column":null}},{"start":{"line":262,"column":10},"end":{"line":265,"column":null}}]},"33":{"loc":{"start":{"line":268,"column":10},"end":{"line":272,"column":null}},"type":"if","locations":[{"start":{"line":268,"column":10},"end":{"line":272,"column":null}},{"start":{"line":268,"column":10},"end":{"line":272,"column":null}}]},"34":{"loc":{"start":{"line":275,"column":10},"end":{"line":279,"column":null}},"type":"if","locations":[{"start":{"line":275,"column":10},"end":{"line":279,"column":null}},{"start":{"line":275,"column":10},"end":{"line":279,"column":null}}]},"35":{"loc":{"start":{"line":289,"column":6},"end":{"line":293,"column":null}},"type":"if","locations":[{"start":{"line":289,"column":6},"end":{"line":293,"column":null}},{"start":{"line":289,"column":6},"end":{"line":293,"column":null}}]},"36":{"loc":{"start":{"line":296,"column":4},"end":{"line":298,"column":null}},"type":"if","locations":[{"start":{"line":296,"column":4},"end":{"line":298,"column":null}},{"start":{"line":296,"column":4},"end":{"line":298,"column":null}}]},"37":{"loc":{"start":{"line":299,"column":4},"end":{"line":301,"column":null}},"type":"if","locations":[{"start":{"line":299,"column":4},"end":{"line":301,"column":null}},{"start":{"line":299,"column":4},"end":{"line":301,"column":null}}]},"38":{"loc":{"start":{"line":299,"column":8},"end":{"line":299,"column":37}},"type":"binary-expr","locations":[{"start":{"line":299,"column":8},"end":{"line":299,"column":20}},{"start":{"line":299,"column":24},"end":{"line":299,"column":37}}]}},"s":{"0":1,"1":1,"2":26,"3":26,"4":23,"5":0,"6":23,"7":0,"8":0,"9":0,"10":4,"11":4,"12":4,"13":16,"14":16,"15":4,"16":0,"17":4,"18":4,"19":0,"20":0,"21":0,"22":0,"23":4,"24":0,"25":0,"26":0,"27":0,"28":0,"29":0,"30":9,"31":1,"32":8,"33":5,"34":3,"35":6,"36":0,"37":0,"38":0,"39":0,"40":0,"41":0,"42":0,"43":0,"44":0,"45":0,"46":0,"47":0,"48":3,"49":2,"50":1,"51":12,"52":12,"53":8,"54":8,"55":8,"56":24,"57":24,"58":18,"59":3,"60":3,"61":1,"62":1,"63":0,"64":0,"65":0,"66":0,"67":0,"68":0,"69":0,"70":0,"71":0,"72":0,"73":0,"74":0,"75":1,"76":1,"77":1,"78":1,"79":2,"80":0,"81":0,"82":0,"83":16,"84":3,"85":0,"86":3,"87":0,"88":3,"89":3,"90":0,"91":1,"92":0,"93":1,"94":0,"95":1,"96":1,"97":0,"98":0,"99":0,"100":0,"101":0,"102":0,"103":0,"104":0,"105":0,"106":0,"107":0,"108":0,"109":0,"110":0,"111":0,"112":0,"113":0,"114":0,"115":0,"116":0,"117":0,"118":0,"119":0,"120":0,"121":0,"122":0,"123":0,"124":0,"125":0,"126":0,"127":0,"128":1,"129":0,"130":1,"131":1,"132":0,"133":1,"134":1,"135":0,"136":0,"137":0,"138":0,"139":0,"140":0,"141":0,"142":0,"143":0,"144":0,"145":0,"146":0,"147":0,"148":0,"149":0,"150":0,"151":0,"152":0,"153":0,"154":0,"155":0,"156":0,"157":0,"158":0,"159":9,"160":9,"161":33,"162":33,"163":24,"164":9,"165":24,"166":9,"167":2,"168":7,"169":0,"170":7},"f":{"0":26,"1":23,"2":0,"3":23,"4":0,"5":0,"6":0,"7":4,"8":8,"9":0,"10":9},"b":{"0":[0,0,0],"1":[4,0,9,0,0,3],"2":[0,4],"3":[4,0],"4":[0,0],"5":[0,0],"6":[0,0],"7":[0,0],"8":[0,0],"9":[1,8],"10":[5,3],"11":[0,0],"12":[0,0],"13":[0,0],"14":[0,0],"15":[2,1],"16":[18,3,1,0,0,0,0,0,0,1,1],"17":[3,1,0,0,0,0,0,0,1,1,2,0],"18":[0,3],"19":[0,3],"20":[0,1],"21":[0,1],"22":[0,0],"23":[0,0],"24":[0,0],"25":[0,0],"26":[0,0],"27":[0,0],"28":[0,1],"29":[1,0],"30":[0,0,0],"31":[0,0],"32":[0,0],"33":[0,0],"34":[0,0],"35":[24,9],"36":[2,7],"37":[0,7],"38":[7,7]}}
,"/Users/apple/Desktop/Learning/fun-lang/src/lexer/TokenType.ts": {"path":"/Users/apple/Desktop/Learning/fun-lang/src/lexer/TokenType.ts","statementMap":{"0":{"start":{"line":4,"column":46},"end":{"line":14,"column":null}}},"fnMap":{},"branchMap":{},"s":{"0":1},"f":{},"b":{}}
}
