TN:
SF:src/common/arraytoGenerator.ts
FN:1,arraytoGenerator
FNF:1
FNH:1
FNDA:2,arraytoGenerator
DA:2,2
DA:3,128
LF:2
LH:2
BRF:0
BRH:0
end_of_record
TN:
SF:src/common/enum.ts
FN:4,(anonymous_0)
FNF:1
FNH:1
FNDA:9,(anonymous_0)
DA:5,9
DA:6,9
LF:2
LH:2
BRF:0
BRH:0
end_of_record
TN:
SF:src/common/peekIterator.ts
FN:27,(anonymous_0)
FN:38,(anonymous_1)
FN:41,(anonymous_2)
FN:54,(anonymous_3)
FN:60,(anonymous_4)
FNF:5
FNH:5
FNDA:2,(anonymous_0)
FNDA:184,(anonymous_1)
FNDA:262,(anonymous_2)
FNDA:161,(anonymous_3)
FNDA:163,(anonymous_4)
DA:19,1
DA:32,2
DA:33,2
DA:34,2
DA:35,2
DA:39,184
DA:42,262
DA:43,134
DA:45,128
DA:46,128
DA:47,126
DA:48,126
DA:49,126
DA:51,2
DA:55,161
DA:56,161
DA:57,161
DA:62,163
DA:64,161
DA:66,2
DA:67,2
DA:68,2
DA:69,2
DA:71,163
DA:72,108
DA:74,163
DA:75,163
LF:27
LH:27
BRDA:39,0,0,184
BRDA:39,0,1,182
BRDA:42,1,0,134
BRDA:42,1,1,128
BRDA:45,2,0,128
BRDA:45,2,1,128
BRDA:46,3,0,126
BRDA:46,3,1,2
BRDA:55,4,0,161
BRDA:55,4,1,0
BRDA:62,5,0,161
BRDA:62,5,1,2
BRDA:69,6,0,0
BRDA:69,6,1,2
BRF:14
BRH:12
end_of_record
TN:
SF:src/lexer/AlphabetHelper.ts
FN:7,(anonymous_0)
FN:10,(anonymous_1)
FN:13,(anonymous_2)
FN:16,(anonymous_3)
FNF:4
FNH:4
FNDA:31,(anonymous_0)
FNDA:45,(anonymous_1)
FNDA:52,(anonymous_2)
FNDA:14,(anonymous_3)
DA:1,2
DA:2,2
DA:3,2
DA:4,2
DA:8,31
DA:11,45
DA:14,52
DA:17,14
LF:8
LH:8
BRF:0
BRH:0
end_of_record
TN:
SF:src/lexer/Lexer.ts
FN:9,(anonymous_0)
FN:12,(anonymous_1)
FNF:2
FNH:2
FNDA:2,(anonymous_0)
FNDA:2,(anonymous_1)
DA:6,1
DA:10,2
DA:15,2
DA:16,2
DA:17,76
DA:18,76
DA:19,76
DA:20,7
DA:22,76
DA:23,43
DA:25,33
DA:27,1
DA:28,1
DA:29,1
DA:30,0
DA:31,0
DA:32,0
DA:33,0
DA:34,0
DA:35,0
DA:36,0
DA:37,0
DA:40,0
DA:41,0
DA:45,33
DA:46,4
DA:47,4
DA:49,29
DA:50,0
DA:51,0
DA:52,0
DA:54,29
DA:55,13
DA:56,13
DA:57,13
DA:59,16
DA:60,5
DA:61,5
DA:62,5
DA:64,11
DA:67,2
DA:68,2
DA:70,1
DA:71,1
DA:72,1
DA:75,10
DA:76,9
DA:77,9
DA:78,9
DA:80,1
DA:82,2
LF:51
LH:38
BRDA:18,0,0,0
BRDA:18,0,1,76
BRDA:19,1,0,7
BRDA:19,1,1,69
BRDA:19,2,0,76
BRDA:19,2,1,69
BRDA:22,3,0,43
BRDA:22,3,1,33
BRDA:22,4,0,76
BRDA:22,4,1,40
BRDA:25,5,0,1
BRDA:25,5,1,32
BRDA:28,6,0,1
BRDA:28,6,1,0
BRDA:29,7,0,14
BRDA:29,7,1,14
BRDA:30,8,0,0
BRDA:30,8,1,0
BRDA:34,9,0,0
BRDA:34,9,1,0
BRDA:34,10,0,0
BRDA:34,10,1,0
BRDA:35,11,0,0
BRDA:35,11,1,0
BRDA:40,12,0,0
BRDA:40,12,1,0
BRDA:45,13,0,4
BRDA:45,13,1,29
BRDA:45,14,0,33
BRDA:45,14,1,32
BRDA:45,14,2,31
BRDA:45,14,3,30
BRDA:49,15,0,0
BRDA:49,15,1,29
BRDA:49,16,0,29
BRDA:49,16,1,29
BRDA:54,17,0,13
BRDA:54,17,1,16
BRDA:59,18,0,5
BRDA:59,18,1,11
BRDA:64,19,0,2
BRDA:64,19,1,9
BRDA:64,20,0,11
BRDA:64,20,1,8
BRDA:64,20,2,4
BRDA:67,21,0,2
BRDA:67,21,1,0
BRDA:68,22,0,1
BRDA:68,22,1,1
BRDA:68,23,0,2
BRDA:68,23,1,2
BRDA:75,24,0,9
BRDA:75,24,1,1
BRF:53
BRH:39
end_of_record
TN:
SF:src/lexer/LexicalException.ts
FN:3,(anonymous_0)
FN:7,(anonymous_1)
FNF:2
FNH:1
FNDA:0,(anonymous_0)
FNDA:1,(anonymous_1)
DA:4,0
DA:5,0
DA:8,1
LF:3
LH:1
BRF:0
BRH:0
end_of_record
TN:
SF:src/lexer/Token.ts
FN:25,(anonymous_0)
FN:30,(anonymous_1)
FN:33,(anonymous_2)
FN:36,(anonymous_3)
FN:39,(anonymous_4)
FN:42,(anonymous_5)
FN:46,(anonymous_6)
FN:53,(anonymous_7)
FN:56,(anonymous_8)
FN:122,(anonymous_9)
FN:257,(anonymous_10)
FN:291,(anonymous_11)
FNF:12
FNH:9
FNDA:32,(anonymous_0)
FNDA:25,(anonymous_1)
FNDA:0,(anonymous_2)
FNDA:25,(anonymous_3)
FNDA:1,(anonymous_4)
FNDA:2,(anonymous_5)
FNDA:2,(anonymous_6)
FNDA:0,(anonymous_7)
FNDA:6,(anonymous_8)
FNDA:9,(anonymous_9)
FNDA:0,(anonymous_10)
FNDA:13,(anonymous_11)
DA:5,1
DA:20,1
DA:26,32
DA:27,32
DA:28,32
DA:31,25
DA:34,0
DA:37,25
DA:40,1
DA:43,2
DA:47,2
DA:54,0
DA:57,6
DA:58,6
DA:60,6
DA:61,24
DA:62,24
DA:64,6
DA:65,0
DA:66,6
DA:67,5
DA:68,1
DA:69,1
DA:70,0
DA:71,0
DA:73,6
DA:75,0
DA:76,0
DA:77,0
DA:78,0
DA:80,0
DA:82,0
DA:84,14
DA:85,1
DA:86,13
DA:87,8
DA:89,5
DA:91,9
DA:93,1
DA:94,1
DA:95,0
DA:96,0
DA:98,0
DA:100,1
DA:102,0
DA:103,0
DA:104,0
DA:105,0
DA:107,0
DA:109,0
DA:111,3
DA:112,2
DA:114,1
DA:118,18
DA:119,18
DA:123,9
DA:124,9
DA:126,9
DA:127,17
DA:129,17
DA:131,9
DA:133,2
DA:134,2
DA:136,1
DA:137,1
DA:139,1
DA:140,1
DA:142,0
DA:143,0
DA:145,0
DA:146,0
DA:148,0
DA:149,0
DA:151,0
DA:152,0
DA:154,0
DA:155,0
DA:157,1
DA:158,1
DA:160,3
DA:161,3
DA:163,1
DA:164,0
DA:166,0
DA:167,0
DA:169,8
DA:171,2
DA:172,0
DA:173,2
DA:174,0
DA:176,2
DA:177,2
DA:179,0
DA:181,1
DA:182,0
DA:183,1
DA:184,0
DA:186,1
DA:187,1
DA:189,0
DA:191,1
DA:192,0
DA:194,1
DA:195,1
DA:197,0
DA:199,0
DA:200,0
DA:202,0
DA:203,0
DA:205,0
DA:207,0
DA:208,0
DA:210,0
DA:211,0
DA:213,0
DA:215,0
DA:216,0
DA:218,0
DA:219,0
DA:221,0
DA:223,0
DA:224,0
DA:226,0
DA:227,0
DA:229,0
DA:231,0
DA:232,0
DA:234,0
DA:235,0
DA:237,0
DA:239,1
DA:240,0
DA:242,1
DA:243,1
DA:245,0
DA:247,3
DA:248,1
DA:250,2
DA:251,2
DA:253,0
DA:258,0
DA:259,0
DA:260,0
DA:261,0
DA:262,0
DA:264,0
DA:265,0
DA:266,0
DA:268,0
DA:269,0
DA:270,0
DA:272,0
DA:274,0
DA:275,0
DA:277,0
DA:279,0
DA:281,0
DA:282,0
DA:284,0
DA:286,0
DA:289,0
DA:292,13
DA:293,13
DA:294,51
DA:295,51
DA:296,38
DA:298,13
DA:300,38
DA:302,13
DA:303,4
DA:305,9
DA:306,0
DA:308,9
LF:173
LH:82
BRDA:43,0,0,2
BRDA:43,0,1,1
BRDA:48,1,0,2
BRDA:48,1,1,1
BRDA:48,1,2,1
BRDA:62,2,0,6
BRDA:62,2,1,0
BRDA:62,2,2,14
BRDA:62,2,3,1
BRDA:62,2,4,0
BRDA:62,2,5,3
BRDA:64,3,0,0
BRDA:64,3,1,6
BRDA:66,4,0,5
BRDA:66,4,1,1
BRDA:68,5,0,1
BRDA:68,5,1,0
BRDA:68,6,0,1
BRDA:68,6,1,0
BRDA:70,7,0,0
BRDA:70,7,1,0
BRDA:75,8,0,0
BRDA:75,8,1,0
BRDA:77,9,0,0
BRDA:77,9,1,0
BRDA:84,10,0,1
BRDA:84,10,1,13
BRDA:86,11,0,8
BRDA:86,11,1,5
BRDA:93,12,0,1
BRDA:93,12,1,0
BRDA:95,13,0,0
BRDA:95,13,1,0
BRDA:102,14,0,0
BRDA:102,14,1,0
BRDA:104,15,0,0
BRDA:104,15,1,0
BRDA:111,16,0,2
BRDA:111,16,1,1
BRDA:129,17,0,9
BRDA:129,17,1,2
BRDA:129,17,2,1
BRDA:129,17,3,1
BRDA:129,17,4,0
BRDA:129,17,5,0
BRDA:129,17,6,0
BRDA:129,17,7,0
BRDA:129,17,8,0
BRDA:129,17,9,1
BRDA:129,17,10,3
BRDA:131,18,0,2
BRDA:131,18,1,1
BRDA:131,18,2,1
BRDA:131,18,3,0
BRDA:131,18,4,0
BRDA:131,18,5,0
BRDA:131,18,6,0
BRDA:131,18,7,0
BRDA:131,18,8,1
BRDA:131,18,9,3
BRDA:131,18,10,1
BRDA:131,18,11,0
BRDA:171,19,0,0
BRDA:171,19,1,2
BRDA:173,20,0,0
BRDA:173,20,1,2
BRDA:181,21,0,0
BRDA:181,21,1,1
BRDA:183,22,0,0
BRDA:183,22,1,1
BRDA:191,23,0,0
BRDA:191,23,1,1
BRDA:199,24,0,0
BRDA:199,24,1,0
BRDA:207,25,0,0
BRDA:207,25,1,0
BRDA:215,26,0,0
BRDA:215,26,1,0
BRDA:223,27,0,0
BRDA:223,27,1,0
BRDA:231,28,0,0
BRDA:231,28,1,0
BRDA:239,29,0,0
BRDA:239,29,1,1
BRDA:247,30,0,1
BRDA:247,30,1,2
BRDA:262,31,0,0
BRDA:262,31,1,0
BRDA:262,31,2,0
BRDA:264,32,0,0
BRDA:264,32,1,0
BRDA:268,33,0,0
BRDA:268,33,1,0
BRDA:274,34,0,0
BRDA:274,34,1,0
BRDA:281,35,0,0
BRDA:281,35,1,0
BRDA:295,36,0,38
BRDA:295,36,1,13
BRDA:302,37,0,4
BRDA:302,37,1,9
BRDA:305,38,0,0
BRDA:305,38,1,9
BRDA:305,39,0,9
BRDA:305,39,1,9
BRF:105
BRH:48
end_of_record
TN:
SF:src/lexer/TokenType.ts
FNF:0
FNH:0
DA:4,1
LF:1
LH:1
BRF:0
BRH:0
end_of_record
