TN:
SF:src/common/arraytoGenerator.ts
FN:1,arraytoGenerator
FNF:1
FNH:1
FNDA:2,arraytoGenerator
DA:2,2
DA:3,133
LF:2
LH:2
BRF:0
BRH:0
end_of_record
TN:
SF:src/common/enum.ts
FN:4,(anonymous_0)
FNF:1
FNH:1
FNDA:9,(anonymous_0)
DA:5,9
DA:6,9
LF:2
LH:2
BRF:0
BRH:0
end_of_record
TN:
SF:src/common/peekIterator.ts
FN:16,(anonymous_0)
FN:23,(anonymous_1)
FN:26,(anonymous_2)
FN:39,(anonymous_3)
FN:45,(anonymous_4)
FNF:5
FNH:5
FNDA:2,(anonymous_0)
FNDA:172,(anonymous_1)
FNDA:227,(anonymous_2)
FNDA:156,(anonymous_3)
FNDA:159,(anonymous_4)
DA:10,1
DA:17,2
DA:18,2
DA:19,2
DA:20,2
DA:24,172
DA:27,227
DA:28,95
DA:30,132
DA:31,132
DA:32,130
DA:33,130
DA:34,130
DA:36,2
DA:40,156
DA:41,156
DA:42,156
DA:47,159
DA:49,156
DA:51,3
DA:52,3
DA:53,3
DA:54,3
DA:56,159
DA:57,113
DA:59,159
DA:60,159
LF:27
LH:27
BRDA:24,0,0,172
BRDA:24,0,1,170
BRDA:27,1,0,95
BRDA:27,1,1,132
BRDA:30,2,0,132
BRDA:30,2,1,132
BRDA:31,3,0,130
BRDA:31,3,1,2
BRDA:40,4,0,156
BRDA:40,4,1,0
BRDA:47,5,0,156
BRDA:47,5,1,3
BRDA:54,6,0,0
BRDA:54,6,1,3
BRF:14
BRH:12
end_of_record
TN:
SF:src/lexer/AlphabetHelper.ts
FN:7,(anonymous_0)
FN:10,(anonymous_1)
FN:13,(anonymous_2)
FN:16,(anonymous_3)
FNF:4
FNH:4
FNDA:29,(anonymous_0)
FNDA:39,(anonymous_1)
FNDA:34,(anonymous_2)
FNDA:18,(anonymous_3)
DA:1,2
DA:2,2
DA:3,2
DA:4,2
DA:8,29
DA:11,39
DA:14,34
DA:17,18
LF:8
LH:8
BRF:0
BRH:0
end_of_record
TN:
SF:src/lexer/Lexer.ts
FN:8,(anonymous_0)
FN:11,(anonymous_1)
FNF:2
FNH:2
FNDA:2,(anonymous_0)
FNDA:2,(anonymous_1)
DA:9,2
DA:12,2
DA:13,2
DA:14,59
DA:15,59
DA:16,59
DA:17,27
DA:19,32
DA:21,2
DA:22,2
DA:23,1
DA:24,1
DA:25,1
DA:26,1
DA:27,24
DA:28,24
DA:29,1
DA:30,1
DA:31,1
DA:34,1
DA:35,0
DA:39,32
DA:40,5
DA:41,5
DA:43,27
DA:44,0
DA:45,0
DA:46,0
DA:48,27
DA:49,9
DA:50,9
DA:51,9
DA:53,18
DA:54,4
DA:55,4
DA:56,4
DA:58,14
DA:61,2
DA:62,2
DA:64,0
DA:65,0
DA:66,0
DA:69,14
DA:70,8
DA:71,8
DA:72,8
DA:74,6
DA:76,2
LF:48
LH:41
BRDA:15,0,0,0
BRDA:15,0,1,59
BRDA:16,1,0,27
BRDA:16,1,1,32
BRDA:16,2,0,59
BRDA:16,2,1,32
BRDA:19,3,0,2
BRDA:19,3,1,30
BRDA:22,4,0,1
BRDA:22,4,1,1
BRDA:23,5,0,14
BRDA:23,5,1,14
BRDA:24,6,0,1
BRDA:24,6,1,0
BRDA:28,7,0,1
BRDA:28,7,1,23
BRDA:28,8,0,24
BRDA:28,8,1,2
BRDA:29,9,0,1
BRDA:29,9,1,1
BRDA:34,10,0,0
BRDA:34,10,1,1
BRDA:39,11,0,5
BRDA:39,11,1,27
BRDA:39,12,0,32
BRDA:39,12,1,31
BRDA:39,12,2,30
BRDA:39,12,3,29
BRDA:43,13,0,0
BRDA:43,13,1,27
BRDA:43,14,0,27
BRDA:43,14,1,27
BRDA:48,15,0,9
BRDA:48,15,1,18
BRDA:53,16,0,4
BRDA:53,16,1,14
BRDA:58,17,0,2
BRDA:58,17,1,12
BRDA:58,18,0,14
BRDA:58,18,1,11
BRDA:58,18,2,4
BRDA:61,19,0,2
BRDA:61,19,1,0
BRDA:62,20,0,0
BRDA:62,20,1,2
BRDA:62,21,0,2
BRDA:62,21,1,0
BRDA:69,22,0,8
BRDA:69,22,1,6
BRF:49
BRH:42
end_of_record
TN:
SF:src/lexer/LexicalException.ts
FN:3,(anonymous_0)
FN:7,(anonymous_1)
FNF:2
FNH:1
FNDA:0,(anonymous_0)
FNDA:6,(anonymous_1)
DA:4,0
DA:5,0
DA:8,6
LF:3
LH:1
BRF:0
BRH:0
end_of_record
TN:
SF:src/lexer/Token.ts
FN:24,(anonymous_0)
FN:28,(anonymous_1)
FN:31,(anonymous_2)
FN:34,(anonymous_3)
FN:37,(anonymous_4)
FN:40,(anonymous_5)
FN:47,(anonymous_6)
FN:50,(anonymous_7)
FN:116,(anonymous_8)
FN:251,(anonymous_9)
FN:285,(anonymous_10)
FNF:11
FNH:6
FNDA:26,(anonymous_0)
FNDA:23,(anonymous_1)
FNDA:0,(anonymous_2)
FNDA:23,(anonymous_3)
FNDA:0,(anonymous_4)
FNDA:0,(anonymous_5)
FNDA:0,(anonymous_6)
FNDA:4,(anonymous_7)
FNDA:8,(anonymous_8)
FNDA:0,(anonymous_9)
FNDA:9,(anonymous_10)
DA:5,1
DA:20,1
DA:25,26
DA:26,26
DA:29,23
DA:32,0
DA:35,23
DA:38,0
DA:41,0
DA:48,0
DA:51,4
DA:52,4
DA:54,4
DA:55,16
DA:56,16
DA:58,4
DA:59,0
DA:60,4
DA:61,4
DA:62,0
DA:63,0
DA:64,0
DA:65,0
DA:67,4
DA:69,0
DA:70,0
DA:71,0
DA:72,0
DA:74,0
DA:76,0
DA:78,9
DA:79,1
DA:80,8
DA:81,5
DA:83,3
DA:85,6
DA:87,0
DA:88,0
DA:89,0
DA:90,0
DA:92,0
DA:94,0
DA:96,0
DA:97,0
DA:98,0
DA:99,0
DA:101,0
DA:103,0
DA:105,3
DA:106,2
DA:108,1
DA:112,12
DA:113,12
DA:117,8
DA:118,8
DA:120,8
DA:121,24
DA:123,24
DA:125,18
DA:127,3
DA:128,3
DA:130,1
DA:131,1
DA:133,0
DA:134,0
DA:136,0
DA:137,0
DA:139,0
DA:140,0
DA:142,0
DA:143,0
DA:145,0
DA:146,0
DA:148,0
DA:149,0
DA:151,1
DA:152,1
DA:154,1
DA:155,1
DA:157,2
DA:158,0
DA:160,0
DA:161,0
DA:163,16
DA:165,3
DA:166,0
DA:167,3
DA:168,0
DA:170,3
DA:171,3
DA:173,0
DA:175,1
DA:176,0
DA:177,1
DA:178,0
DA:180,1
DA:181,1
DA:183,0
DA:185,0
DA:186,0
DA:188,0
DA:189,0
DA:191,0
DA:193,0
DA:194,0
DA:196,0
DA:197,0
DA:199,0
DA:201,0
DA:202,0
DA:204,0
DA:205,0
DA:207,0
DA:209,0
DA:210,0
DA:212,0
DA:213,0
DA:215,0
DA:217,0
DA:218,0
DA:220,0
DA:221,0
DA:223,0
DA:225,0
DA:226,0
DA:228,0
DA:229,0
DA:231,0
DA:233,1
DA:234,0
DA:236,1
DA:237,1
DA:239,0
DA:241,1
DA:242,1
DA:244,0
DA:245,0
DA:247,0
DA:252,0
DA:253,0
DA:254,0
DA:255,0
DA:256,0
DA:258,0
DA:259,0
DA:260,0
DA:262,0
DA:263,0
DA:264,0
DA:266,0
DA:268,0
DA:269,0
DA:271,0
DA:273,0
DA:275,0
DA:276,0
DA:278,0
DA:280,0
DA:283,0
DA:286,9
DA:287,9
DA:288,33
DA:289,33
DA:290,24
DA:292,9
DA:294,24
DA:296,9
DA:297,2
DA:299,7
DA:300,0
DA:302,7
LF:171
LH:66
BRDA:42,0,0,0
BRDA:42,0,1,0
BRDA:42,0,2,0
BRDA:56,1,0,4
BRDA:56,1,1,0
BRDA:56,1,2,9
BRDA:56,1,3,0
BRDA:56,1,4,0
BRDA:56,1,5,3
BRDA:58,2,0,0
BRDA:58,2,1,4
BRDA:60,3,0,4
BRDA:60,3,1,0
BRDA:62,4,0,0
BRDA:62,4,1,0
BRDA:62,5,0,0
BRDA:62,5,1,0
BRDA:64,6,0,0
BRDA:64,6,1,0
BRDA:69,7,0,0
BRDA:69,7,1,0
BRDA:71,8,0,0
BRDA:71,8,1,0
BRDA:78,9,0,1
BRDA:78,9,1,8
BRDA:80,10,0,5
BRDA:80,10,1,3
BRDA:87,11,0,0
BRDA:87,11,1,0
BRDA:89,12,0,0
BRDA:89,12,1,0
BRDA:96,13,0,0
BRDA:96,13,1,0
BRDA:98,14,0,0
BRDA:98,14,1,0
BRDA:105,15,0,2
BRDA:105,15,1,1
BRDA:123,16,0,18
BRDA:123,16,1,3
BRDA:123,16,2,1
BRDA:123,16,3,0
BRDA:123,16,4,0
BRDA:123,16,5,0
BRDA:123,16,6,0
BRDA:123,16,7,0
BRDA:123,16,8,0
BRDA:123,16,9,1
BRDA:123,16,10,1
BRDA:125,17,0,3
BRDA:125,17,1,1
BRDA:125,17,2,0
BRDA:125,17,3,0
BRDA:125,17,4,0
BRDA:125,17,5,0
BRDA:125,17,6,0
BRDA:125,17,7,0
BRDA:125,17,8,1
BRDA:125,17,9,1
BRDA:125,17,10,2
BRDA:125,17,11,0
BRDA:165,18,0,0
BRDA:165,18,1,3
BRDA:167,19,0,0
BRDA:167,19,1,3
BRDA:175,20,0,0
BRDA:175,20,1,1
BRDA:177,21,0,0
BRDA:177,21,1,1
BRDA:185,22,0,0
BRDA:185,22,1,0
BRDA:193,23,0,0
BRDA:193,23,1,0
BRDA:201,24,0,0
BRDA:201,24,1,0
BRDA:209,25,0,0
BRDA:209,25,1,0
BRDA:217,26,0,0
BRDA:217,26,1,0
BRDA:225,27,0,0
BRDA:225,27,1,0
BRDA:233,28,0,0
BRDA:233,28,1,1
BRDA:241,29,0,1
BRDA:241,29,1,0
BRDA:256,30,0,0
BRDA:256,30,1,0
BRDA:256,30,2,0
BRDA:258,31,0,0
BRDA:258,31,1,0
BRDA:262,32,0,0
BRDA:262,32,1,0
BRDA:268,33,0,0
BRDA:268,33,1,0
BRDA:275,34,0,0
BRDA:275,34,1,0
BRDA:289,35,0,24
BRDA:289,35,1,9
BRDA:296,36,0,2
BRDA:296,36,1,7
BRDA:299,37,0,0
BRDA:299,37,1,7
BRDA:299,38,0,7
BRDA:299,38,1,7
BRF:103
BRH:34
end_of_record
TN:
SF:src/lexer/TokenType.ts
FNF:0
FNH:0
DA:4,1
LF:1
LH:1
BRF:0
BRH:0
end_of_record
